This file contains any messages produced by compilers while
running configure, to aid debugging if configure makes a mistake.

It was created by OpenPraparat configure 0.1, which was
generated by GNU Autoconf 2.71.  Invocation command line was

  $ ./configure

## --------- ##
## Platform. ##
## --------- ##

hostname = nodokaha-nixos
uname -m = x86_64
uname -r = 5.15.97
uname -s = Linux
uname -v = #1-NixOS SMP Fri Mar 3 10:45:54 UTC 2023

/usr/bin/uname -p = unknown
/bin/uname -X     = unknown

/bin/arch              = unknown
/usr/bin/arch -k       = unknown
/usr/convex/getsysinfo = unknown
/usr/bin/hostinfo      = unknown
/bin/machine           = unknown
/usr/bin/oslevel       = unknown
/bin/universe          = unknown

PATH: /run/wrappers/bin/
PATH: /home/nodokaha/.local/share/flatpak/exports/bin/
PATH: /var/lib/flatpak/exports/bin/
PATH: /home/nodokaha/.nix-profile/bin/
PATH: /etc/profiles/per-user/nodokaha/bin/
PATH: /nix/var/nix/profiles/default/bin/
PATH: /run/current-system/sw/bin/
PATH: /home/nodokaha/.cargo/bin/


## ----------- ##
## Core tests. ##
## ----------- ##

configure:2834: looking for aux files: config.guess config.sub
configure:2847:  trying ./
configure:2876:   ./config.guess found
configure:2876:   ./config.sub found
configure:3061: checking for g++
configure:3082: found /run/current-system/sw/bin/g++
configure:3093: result: g++
configure:3120: checking for C++ compiler version
configure:3129: g++ --version >&5
g++ (GCC) 11.3.0
Copyright (C) 2021 Free Software Foundation, Inc.
This is free software; see the source for copying conditions.  There is NO
warranty; not even for MERCHANTABILITY or FITNESS FOR A PARTICULAR PURPOSE.

configure:3140: $? = 0
configure:3129: g++ -v >&5
Using built-in specs.
COLLECT_GCC=/nix/store/qm03mh5x2j4ls0y80y8h3zsyj4hb52w2-gcc-11.3.0/bin/g++
COLLECT_LTO_WRAPPER=/nix/store/qm03mh5x2j4ls0y80y8h3zsyj4hb52w2-gcc-11.3.0/libexec/gcc/x86_64-unknown-linux-gnu/11.3.0/lto-wrapper
Target: x86_64-unknown-linux-gnu
Configured with: 
Thread model: posix
Supported LTO compression algorithms: zlib
gcc version 11.3.0 (GCC) 
configure:3140: $? = 0
configure:3129: g++ -V >&5
g++: error: unrecognized command-line option '-V'
g++: fatal error: no input files
compilation terminated.
configure:3140: $? = 1
configure:3129: g++ -qversion >&5
g++: error: unrecognized command-line option '-qversion'; did you mean '--version'?
g++: fatal error: no input files
compilation terminated.
configure:3140: $? = 1
configure:3160: checking whether the C++ compiler works
configure:3182: g++    conftest.cpp  >&5
configure:3186: $? = 0
configure:3236: result: yes
configure:3239: checking for C++ compiler default output file name
configure:3241: result: a.out
configure:3247: checking for suffix of executables
configure:3254: g++ -o conftest    conftest.cpp  >&5
configure:3258: $? = 0
configure:3281: result: 
configure:3303: checking whether we are cross compiling
configure:3311: g++ -o conftest    conftest.cpp  >&5
configure:3315: $? = 0
configure:3322: ./conftest
configure:3326: $? = 0
configure:3341: result: no
configure:3346: checking for suffix of object files
configure:3369: g++ -c   conftest.cpp >&5
configure:3373: $? = 0
configure:3395: result: o
configure:3399: checking whether the compiler supports GNU C++
configure:3419: g++ -c   conftest.cpp >&5
configure:3419: $? = 0
configure:3429: result: yes
configure:3440: checking whether g++ accepts -g
configure:3461: g++ -c -g  conftest.cpp >&5
configure:3461: $? = 0
configure:3505: result: yes
configure:3525: checking for g++ option to enable C++11 features
configure:3540: g++  -c -g -O2  conftest.cpp >&5
conftest.cpp: In function 'int main(int, char**)':
conftest.cpp:175:25: warning: empty parentheses were disambiguated as a function declaration [-Wvexing-parse]
  175 |   cxx11test::delegate d2();
      |                         ^~
conftest.cpp:175:25: note: remove parentheses to default-initialize a variable
  175 |   cxx11test::delegate d2();
      |                         ^~
      |                         --
conftest.cpp:175:25: note: or replace parentheses with braces to value-initialize a variable
configure:3540: $? = 0
configure:3558: result: none needed
configure:3684: checking for gcc
configure:3705: found /run/current-system/sw/bin/gcc
configure:3716: result: gcc
configure:4069: checking for C compiler version
configure:4078: gcc --version >&5
gcc (GCC) 11.3.0
Copyright (C) 2021 Free Software Foundation, Inc.
This is free software; see the source for copying conditions.  There is NO
warranty; not even for MERCHANTABILITY or FITNESS FOR A PARTICULAR PURPOSE.

configure:4089: $? = 0
configure:4078: gcc -v >&5
Using built-in specs.
COLLECT_GCC=/nix/store/qm03mh5x2j4ls0y80y8h3zsyj4hb52w2-gcc-11.3.0/bin/gcc
COLLECT_LTO_WRAPPER=/nix/store/qm03mh5x2j4ls0y80y8h3zsyj4hb52w2-gcc-11.3.0/libexec/gcc/x86_64-unknown-linux-gnu/11.3.0/lto-wrapper
Target: x86_64-unknown-linux-gnu
Configured with: 
Thread model: posix
Supported LTO compression algorithms: zlib
gcc version 11.3.0 (GCC) 
configure:4089: $? = 0
configure:4078: gcc -V >&5
gcc: error: unrecognized command-line option '-V'
gcc: fatal error: no input files
compilation terminated.
configure:4089: $? = 1
configure:4078: gcc -qversion >&5
gcc: error: unrecognized command-line option '-qversion'; did you mean '--version'?
gcc: fatal error: no input files
compilation terminated.
configure:4089: $? = 1
configure:4078: gcc -version >&5
gcc: error: unrecognized command-line option '-version'
gcc: fatal error: no input files
compilation terminated.
configure:4089: $? = 1
configure:4093: checking whether the compiler supports GNU C
configure:4113: gcc -c   conftest.c >&5
configure:4113: $? = 0
configure:4123: result: yes
configure:4134: checking whether gcc accepts -g
configure:4155: gcc -c -g  conftest.c >&5
configure:4155: $? = 0
configure:4199: result: yes
configure:4219: checking for gcc option to enable C11 features
configure:4234: gcc  -c -g -O2  conftest.c >&5
configure:4234: $? = 0
configure:4252: result: none needed
configure:4366: checking for main in -lGL
configure:4386: gcc -o conftest -g -O2   conftest.c -lGL   >&5
/nix/store/lz1bwpdvlywij5ir0fmncgqa83dlpwhn-binutils-2.39/bin/ld: cannot find -lGL: No such file or directory
collect2: error: ld returned 1 exit status
configure:4386: $? = 1
configure: failed program was:
| /* confdefs.h */
| #define PACKAGE_NAME "OpenPraparat"
| #define PACKAGE_TARNAME "openpraparat"
| #define PACKAGE_VERSION "0.1"
| #define PACKAGE_STRING "OpenPraparat 0.1"
| #define PACKAGE_BUGREPORT ""
| #define PACKAGE_URL ""
| /* end confdefs.h.  */
| 
| 
| int
| main (void)
| {
| return main ();
|   ;
|   return 0;
| }
configure:4396: result: no
configure:4407: checking for main in -lGLU
configure:4427: gcc -o conftest -g -O2   conftest.c -lGLU   >&5
/nix/store/lz1bwpdvlywij5ir0fmncgqa83dlpwhn-binutils-2.39/bin/ld: cannot find -lGLU: No such file or directory
collect2: error: ld returned 1 exit status
configure:4427: $? = 1
configure: failed program was:
| /* confdefs.h */
| #define PACKAGE_NAME "OpenPraparat"
| #define PACKAGE_TARNAME "openpraparat"
| #define PACKAGE_VERSION "0.1"
| #define PACKAGE_STRING "OpenPraparat 0.1"
| #define PACKAGE_BUGREPORT ""
| #define PACKAGE_URL ""
| /* end confdefs.h.  */
| 
| 
| int
| main (void)
| {
| return main ();
|   ;
|   return 0;
| }
configure:4437: result: no
configure:4448: checking for main in -lgdi32
configure:4468: gcc -o conftest -g -O2   conftest.c -lgdi32   >&5
/nix/store/lz1bwpdvlywij5ir0fmncgqa83dlpwhn-binutils-2.39/bin/ld: cannot find -lgdi32: No such file or directory
collect2: error: ld returned 1 exit status
configure:4468: $? = 1
configure: failed program was:
| /* confdefs.h */
| #define PACKAGE_NAME "OpenPraparat"
| #define PACKAGE_TARNAME "openpraparat"
| #define PACKAGE_VERSION "0.1"
| #define PACKAGE_STRING "OpenPraparat 0.1"
| #define PACKAGE_BUGREPORT ""
| #define PACKAGE_URL ""
| /* end confdefs.h.  */
| 
| 
| int
| main (void)
| {
| return main ();
|   ;
|   return 0;
| }
configure:4478: result: no
configure:4489: checking for main in -lgfortran
configure:4509: gcc -o conftest -g -O2   conftest.c -lgfortran   >&5
/nix/store/lz1bwpdvlywij5ir0fmncgqa83dlpwhn-binutils-2.39/bin/ld: cannot find -lgfortran: No such file or directory
collect2: error: ld returned 1 exit status
configure:4509: $? = 1
configure: failed program was:
| /* confdefs.h */
| #define PACKAGE_NAME "OpenPraparat"
| #define PACKAGE_TARNAME "openpraparat"
| #define PACKAGE_VERSION "0.1"
| #define PACKAGE_STRING "OpenPraparat 0.1"
| #define PACKAGE_BUGREPORT ""
| #define PACKAGE_URL ""
| /* end confdefs.h.  */
| 
| 
| int
| main (void)
| {
| return main ();
|   ;
|   return 0;
| }
configure:4519: result: no
configure:4530: checking for main in -lglfw
configure:4550: gcc -o conftest -g -O2   conftest.c -lglfw   >&5
/nix/store/lz1bwpdvlywij5ir0fmncgqa83dlpwhn-binutils-2.39/bin/ld: cannot find -lglfw: No such file or directory
collect2: error: ld returned 1 exit status
configure:4550: $? = 1
configure: failed program was:
| /* confdefs.h */
| #define PACKAGE_NAME "OpenPraparat"
| #define PACKAGE_TARNAME "openpraparat"
| #define PACKAGE_VERSION "0.1"
| #define PACKAGE_STRING "OpenPraparat 0.1"
| #define PACKAGE_BUGREPORT ""
| #define PACKAGE_URL ""
| /* end confdefs.h.  */
| 
| 
| int
| main (void)
| {
| return main ();
|   ;
|   return 0;
| }
configure:4560: result: no
configure:4571: checking for main in -lglfw3
configure:4591: gcc -o conftest -g -O2   conftest.c -lglfw3   >&5
/nix/store/lz1bwpdvlywij5ir0fmncgqa83dlpwhn-binutils-2.39/bin/ld: cannot find -lglfw3: No such file or directory
collect2: error: ld returned 1 exit status
configure:4591: $? = 1
configure: failed program was:
| /* confdefs.h */
| #define PACKAGE_NAME "OpenPraparat"
| #define PACKAGE_TARNAME "openpraparat"
| #define PACKAGE_VERSION "0.1"
| #define PACKAGE_STRING "OpenPraparat 0.1"
| #define PACKAGE_BUGREPORT ""
| #define PACKAGE_URL ""
| /* end confdefs.h.  */
| 
| 
| int
| main (void)
| {
| return main ();
|   ;
|   return 0;
| }
configure:4601: result: no
configure:4612: checking for main in -limm32
configure:4632: gcc -o conftest -g -O2   conftest.c -limm32   >&5
/nix/store/lz1bwpdvlywij5ir0fmncgqa83dlpwhn-binutils-2.39/bin/ld: cannot find -limm32: No such file or directory
collect2: error: ld returned 1 exit status
configure:4632: $? = 1
configure: failed program was:
| /* confdefs.h */
| #define PACKAGE_NAME "OpenPraparat"
| #define PACKAGE_TARNAME "openpraparat"
| #define PACKAGE_VERSION "0.1"
| #define PACKAGE_STRING "OpenPraparat 0.1"
| #define PACKAGE_BUGREPORT ""
| #define PACKAGE_URL ""
| /* end confdefs.h.  */
| 
| 
| int
| main (void)
| {
| return main ();
|   ;
|   return 0;
| }
configure:4642: result: no
configure:4653: checking for main in -lopengl32
configure:4673: gcc -o conftest -g -O2   conftest.c -lopengl32   >&5
/nix/store/lz1bwpdvlywij5ir0fmncgqa83dlpwhn-binutils-2.39/bin/ld: cannot find -lopengl32: No such file or directory
collect2: error: ld returned 1 exit status
configure:4673: $? = 1
configure: failed program was:
| /* confdefs.h */
| #define PACKAGE_NAME "OpenPraparat"
| #define PACKAGE_TARNAME "openpraparat"
| #define PACKAGE_VERSION "0.1"
| #define PACKAGE_STRING "OpenPraparat 0.1"
| #define PACKAGE_BUGREPORT ""
| #define PACKAGE_URL ""
| /* end confdefs.h.  */
| 
| 
| int
| main (void)
| {
| return main ();
|   ;
|   return 0;
| }
configure:4683: result: no
configure:4694: checking for main in -lpthread
configure:4714: gcc -o conftest -g -O2   conftest.c -lpthread   >&5
configure:4714: $? = 0
configure:4724: result: yes
configure:4740: checking for stdio.h
configure:4740: gcc -c -g -O2  conftest.c >&5
configure:4740: $? = 0
configure:4740: result: yes
configure:4740: checking for stdlib.h
configure:4740: gcc -c -g -O2  conftest.c >&5
configure:4740: $? = 0
configure:4740: result: yes
configure:4740: checking for string.h
configure:4740: gcc -c -g -O2  conftest.c >&5
configure:4740: $? = 0
configure:4740: result: yes
configure:4740: checking for inttypes.h
configure:4740: gcc -c -g -O2  conftest.c >&5
configure:4740: $? = 0
configure:4740: result: yes
configure:4740: checking for stdint.h
configure:4740: gcc -c -g -O2  conftest.c >&5
configure:4740: $? = 0
configure:4740: result: yes
configure:4740: checking for strings.h
configure:4740: gcc -c -g -O2  conftest.c >&5
configure:4740: $? = 0
configure:4740: result: yes
configure:4740: checking for sys/stat.h
configure:4740: gcc -c -g -O2  conftest.c >&5
configure:4740: $? = 0
configure:4740: result: yes
configure:4740: checking for sys/types.h
configure:4740: gcc -c -g -O2  conftest.c >&5
configure:4740: $? = 0
configure:4740: result: yes
configure:4740: checking for unistd.h
configure:4740: gcc -c -g -O2  conftest.c >&5
configure:4740: $? = 0
configure:4740: result: yes
configure:4765: checking for stdint.h
configure:4765: result: yes
configure:4774: checking for _Bool
configure:4774: gcc -c -g -O2  conftest.c >&5
configure:4774: $? = 0
configure:4774: gcc -c -g -O2  conftest.c >&5
conftest.c: In function 'main':
conftest.c:52:20: error: expected expression before ')' token
   52 | if (sizeof ((_Bool)))
      |                    ^
configure:4774: $? = 1
configure: failed program was:
| /* confdefs.h */
| #define PACKAGE_NAME "OpenPraparat"
| #define PACKAGE_TARNAME "openpraparat"
| #define PACKAGE_VERSION "0.1"
| #define PACKAGE_STRING "OpenPraparat 0.1"
| #define PACKAGE_BUGREPORT ""
| #define PACKAGE_URL ""
| #define HAVE_LIBPTHREAD 1
| #define HAVE_STDIO_H 1
| #define HAVE_STDLIB_H 1
| #define HAVE_STRING_H 1
| #define HAVE_INTTYPES_H 1
| #define HAVE_STDINT_H 1
| #define HAVE_STRINGS_H 1
| #define HAVE_SYS_STAT_H 1
| #define HAVE_SYS_TYPES_H 1
| #define HAVE_UNISTD_H 1
| #define STDC_HEADERS 1
| #define HAVE_STDINT_H 1
| /* end confdefs.h.  */
| #include <stddef.h>
| #ifdef HAVE_STDIO_H
| # include <stdio.h>
| #endif
| #ifdef HAVE_STDLIB_H
| # include <stdlib.h>
| #endif
| #ifdef HAVE_STRING_H
| # include <string.h>
| #endif
| #ifdef HAVE_INTTYPES_H
| # include <inttypes.h>
| #endif
| #ifdef HAVE_STDINT_H
| # include <stdint.h>
| #endif
| #ifdef HAVE_STRINGS_H
| # include <strings.h>
| #endif
| #ifdef HAVE_SYS_TYPES_H
| # include <sys/types.h>
| #endif
| #ifdef HAVE_SYS_STAT_H
| # include <sys/stat.h>
| #endif
| #ifdef HAVE_UNISTD_H
| # include <unistd.h>
| #endif
| int
| main (void)
| {
| if (sizeof ((_Bool)))
| 	    return 0;
|   ;
|   return 0;
| }
configure:4774: result: yes
configure:4783: checking for stdbool.h that conforms to C99
configure:4899: gcc -c -g -O2  conftest.c >&5
configure:4899: $? = 0
configure:4907: result: yes
configure:4915: checking how to run the C preprocessor
configure:4941: gcc -E  conftest.c
configure:4941: $? = 0
configure:4956: gcc -E  conftest.c
conftest.c:22:10: fatal error: ac_nonexistent.h: No such file or directory
   22 | #include <ac_nonexistent.h>
      |          ^~~~~~~~~~~~~~~~~~
compilation terminated.
configure:4956: $? = 1
configure: failed program was:
| /* confdefs.h */
| #define PACKAGE_NAME "OpenPraparat"
| #define PACKAGE_TARNAME "openpraparat"
| #define PACKAGE_VERSION "0.1"
| #define PACKAGE_STRING "OpenPraparat 0.1"
| #define PACKAGE_BUGREPORT ""
| #define PACKAGE_URL ""
| #define HAVE_LIBPTHREAD 1
| #define HAVE_STDIO_H 1
| #define HAVE_STDLIB_H 1
| #define HAVE_STRING_H 1
| #define HAVE_INTTYPES_H 1
| #define HAVE_STDINT_H 1
| #define HAVE_STRINGS_H 1
| #define HAVE_SYS_STAT_H 1
| #define HAVE_SYS_TYPES_H 1
| #define HAVE_UNISTD_H 1
| #define STDC_HEADERS 1
| #define HAVE_STDINT_H 1
| #define HAVE__BOOL 1
| /* end confdefs.h.  */
| #include <ac_nonexistent.h>
configure:4983: result: gcc -E
configure:4997: gcc -E  conftest.c
configure:4997: $? = 0
configure:5012: gcc -E  conftest.c
conftest.c:22:10: fatal error: ac_nonexistent.h: No such file or directory
   22 | #include <ac_nonexistent.h>
      |          ^~~~~~~~~~~~~~~~~~
compilation terminated.
configure:5012: $? = 1
configure: failed program was:
| /* confdefs.h */
| #define PACKAGE_NAME "OpenPraparat"
| #define PACKAGE_TARNAME "openpraparat"
| #define PACKAGE_VERSION "0.1"
| #define PACKAGE_STRING "OpenPraparat 0.1"
| #define PACKAGE_BUGREPORT ""
| #define PACKAGE_URL ""
| #define HAVE_LIBPTHREAD 1
| #define HAVE_STDIO_H 1
| #define HAVE_STDLIB_H 1
| #define HAVE_STRING_H 1
| #define HAVE_INTTYPES_H 1
| #define HAVE_STDINT_H 1
| #define HAVE_STRINGS_H 1
| #define HAVE_SYS_STAT_H 1
| #define HAVE_SYS_TYPES_H 1
| #define HAVE_UNISTD_H 1
| #define STDC_HEADERS 1
| #define HAVE_STDINT_H 1
| #define HAVE__BOOL 1
| /* end confdefs.h.  */
| #include <ac_nonexistent.h>
configure:5043: checking for grep that handles long lines and -e
configure:5107: result: /run/current-system/sw/bin/grep
configure:5112: checking for egrep
configure:5180: result: /run/current-system/sw/bin/grep -E
configure:5185: checking for uid_t in sys/types.h
configure:5206: result: yes
configure:5217: checking for inline
configure:5234: gcc -c -g -O2  conftest.c >&5
configure:5234: $? = 0
configure:5243: result: inline
configure:5261: checking for int32_t
configure:5261: gcc -c -g -O2  conftest.c >&5
configure:5261: $? = 0
configure:5261: gcc -c -g -O2  conftest.c >&5
conftest.c: In function 'main':
conftest.c:55:67: warning: integer overflow in expression of type 'int' results in '-2147483648' [-Woverflow]
   55 |                  < (int32_t) (((((int32_t) 1 << N) << N) - 1) * 2 + 2))];
      |                                                                   ^
conftest.c:54:12: error: storage size of 'test_array' isn't constant
   54 | static int test_array [1 - 2 * !((int32_t) (((((int32_t) 1 << N) << N) - 1) * 2 + 1)
      |            ^~~~~~~~~~
configure:5261: $? = 1
configure: failed program was:
| /* confdefs.h */
| #define PACKAGE_NAME "OpenPraparat"
| #define PACKAGE_TARNAME "openpraparat"
| #define PACKAGE_VERSION "0.1"
| #define PACKAGE_STRING "OpenPraparat 0.1"
| #define PACKAGE_BUGREPORT ""
| #define PACKAGE_URL ""
| #define HAVE_LIBPTHREAD 1
| #define HAVE_STDIO_H 1
| #define HAVE_STDLIB_H 1
| #define HAVE_STRING_H 1
| #define HAVE_INTTYPES_H 1
| #define HAVE_STDINT_H 1
| #define HAVE_STRINGS_H 1
| #define HAVE_SYS_STAT_H 1
| #define HAVE_SYS_TYPES_H 1
| #define HAVE_UNISTD_H 1
| #define STDC_HEADERS 1
| #define HAVE_STDINT_H 1
| #define HAVE__BOOL 1
| /* end confdefs.h.  */
| #include <stddef.h>
| #ifdef HAVE_STDIO_H
| # include <stdio.h>
| #endif
| #ifdef HAVE_STDLIB_H
| # include <stdlib.h>
| #endif
| #ifdef HAVE_STRING_H
| # include <string.h>
| #endif
| #ifdef HAVE_INTTYPES_H
| # include <inttypes.h>
| #endif
| #ifdef HAVE_STDINT_H
| # include <stdint.h>
| #endif
| #ifdef HAVE_STRINGS_H
| # include <strings.h>
| #endif
| #ifdef HAVE_SYS_TYPES_H
| # include <sys/types.h>
| #endif
| #ifdef HAVE_SYS_STAT_H
| # include <sys/stat.h>
| #endif
| #ifdef HAVE_UNISTD_H
| # include <unistd.h>
| #endif
| 	        enum { N = 32 / 2 - 1 };
| int
| main (void)
| {
| static int test_array [1 - 2 * !((int32_t) (((((int32_t) 1 << N) << N) - 1) * 2 + 1)
| 		 < (int32_t) (((((int32_t) 1 << N) << N) - 1) * 2 + 2))];
| test_array [0] = 0;
| return test_array [0];
| 
|   ;
|   return 0;
| }
configure:5261: result: yes
configure:5270: checking for int64_t
configure:5270: gcc -c -g -O2  conftest.c >&5
configure:5270: $? = 0
configure:5270: gcc -c -g -O2  conftest.c >&5
conftest.c: In function 'main':
conftest.c:55:67: warning: integer overflow in expression of type 'long int' results in '-9223372036854775808' [-Woverflow]
   55 |                  < (int64_t) (((((int64_t) 1 << N) << N) - 1) * 2 + 2))];
      |                                                                   ^
conftest.c:54:12: error: storage size of 'test_array' isn't constant
   54 | static int test_array [1 - 2 * !((int64_t) (((((int64_t) 1 << N) << N) - 1) * 2 + 1)
      |            ^~~~~~~~~~
configure:5270: $? = 1
configure: failed program was:
| /* confdefs.h */
| #define PACKAGE_NAME "OpenPraparat"
| #define PACKAGE_TARNAME "openpraparat"
| #define PACKAGE_VERSION "0.1"
| #define PACKAGE_STRING "OpenPraparat 0.1"
| #define PACKAGE_BUGREPORT ""
| #define PACKAGE_URL ""
| #define HAVE_LIBPTHREAD 1
| #define HAVE_STDIO_H 1
| #define HAVE_STDLIB_H 1
| #define HAVE_STRING_H 1
| #define HAVE_INTTYPES_H 1
| #define HAVE_STDINT_H 1
| #define HAVE_STRINGS_H 1
| #define HAVE_SYS_STAT_H 1
| #define HAVE_SYS_TYPES_H 1
| #define HAVE_UNISTD_H 1
| #define STDC_HEADERS 1
| #define HAVE_STDINT_H 1
| #define HAVE__BOOL 1
| /* end confdefs.h.  */
| #include <stddef.h>
| #ifdef HAVE_STDIO_H
| # include <stdio.h>
| #endif
| #ifdef HAVE_STDLIB_H
| # include <stdlib.h>
| #endif
| #ifdef HAVE_STRING_H
| # include <string.h>
| #endif
| #ifdef HAVE_INTTYPES_H
| # include <inttypes.h>
| #endif
| #ifdef HAVE_STDINT_H
| # include <stdint.h>
| #endif
| #ifdef HAVE_STRINGS_H
| # include <strings.h>
| #endif
| #ifdef HAVE_SYS_TYPES_H
| # include <sys/types.h>
| #endif
| #ifdef HAVE_SYS_STAT_H
| # include <sys/stat.h>
| #endif
| #ifdef HAVE_UNISTD_H
| # include <unistd.h>
| #endif
| 	        enum { N = 64 / 2 - 1 };
| int
| main (void)
| {
| static int test_array [1 - 2 * !((int64_t) (((((int64_t) 1 << N) << N) - 1) * 2 + 1)
| 		 < (int64_t) (((((int64_t) 1 << N) << N) - 1) * 2 + 2))];
| test_array [0] = 0;
| return test_array [0];
| 
|   ;
|   return 0;
| }
configure:5270: result: yes
configure:5279: checking for mode_t
configure:5279: gcc -c -g -O2  conftest.c >&5
configure:5279: $? = 0
configure:5279: gcc -c -g -O2  conftest.c >&5
conftest.c: In function 'main':
conftest.c:53:21: error: expected expression before ')' token
   53 | if (sizeof ((mode_t)))
      |                     ^
configure:5279: $? = 1
configure: failed program was:
| /* confdefs.h */
| #define PACKAGE_NAME "OpenPraparat"
| #define PACKAGE_TARNAME "openpraparat"
| #define PACKAGE_VERSION "0.1"
| #define PACKAGE_STRING "OpenPraparat 0.1"
| #define PACKAGE_BUGREPORT ""
| #define PACKAGE_URL ""
| #define HAVE_LIBPTHREAD 1
| #define HAVE_STDIO_H 1
| #define HAVE_STDLIB_H 1
| #define HAVE_STRING_H 1
| #define HAVE_INTTYPES_H 1
| #define HAVE_STDINT_H 1
| #define HAVE_STRINGS_H 1
| #define HAVE_SYS_STAT_H 1
| #define HAVE_SYS_TYPES_H 1
| #define HAVE_UNISTD_H 1
| #define STDC_HEADERS 1
| #define HAVE_STDINT_H 1
| #define HAVE__BOOL 1
| /* end confdefs.h.  */
| #include <stddef.h>
| #ifdef HAVE_STDIO_H
| # include <stdio.h>
| #endif
| #ifdef HAVE_STDLIB_H
| # include <stdlib.h>
| #endif
| #ifdef HAVE_STRING_H
| # include <string.h>
| #endif
| #ifdef HAVE_INTTYPES_H
| # include <inttypes.h>
| #endif
| #ifdef HAVE_STDINT_H
| # include <stdint.h>
| #endif
| #ifdef HAVE_STRINGS_H
| # include <strings.h>
| #endif
| #ifdef HAVE_SYS_TYPES_H
| # include <sys/types.h>
| #endif
| #ifdef HAVE_SYS_STAT_H
| # include <sys/stat.h>
| #endif
| #ifdef HAVE_UNISTD_H
| # include <unistd.h>
| #endif
| int
| main (void)
| {
| if (sizeof ((mode_t)))
| 	    return 0;
|   ;
|   return 0;
| }
configure:5279: result: yes
configure:5289: checking for off_t
configure:5289: gcc -c -g -O2  conftest.c >&5
configure:5289: $? = 0
configure:5289: gcc -c -g -O2  conftest.c >&5
conftest.c: In function 'main':
conftest.c:53:20: error: expected expression before ')' token
   53 | if (sizeof ((off_t)))
      |                    ^
configure:5289: $? = 1
configure: failed program was:
| /* confdefs.h */
| #define PACKAGE_NAME "OpenPraparat"
| #define PACKAGE_TARNAME "openpraparat"
| #define PACKAGE_VERSION "0.1"
| #define PACKAGE_STRING "OpenPraparat 0.1"
| #define PACKAGE_BUGREPORT ""
| #define PACKAGE_URL ""
| #define HAVE_LIBPTHREAD 1
| #define HAVE_STDIO_H 1
| #define HAVE_STDLIB_H 1
| #define HAVE_STRING_H 1
| #define HAVE_INTTYPES_H 1
| #define HAVE_STDINT_H 1
| #define HAVE_STRINGS_H 1
| #define HAVE_SYS_STAT_H 1
| #define HAVE_SYS_TYPES_H 1
| #define HAVE_UNISTD_H 1
| #define STDC_HEADERS 1
| #define HAVE_STDINT_H 1
| #define HAVE__BOOL 1
| /* end confdefs.h.  */
| #include <stddef.h>
| #ifdef HAVE_STDIO_H
| # include <stdio.h>
| #endif
| #ifdef HAVE_STDLIB_H
| # include <stdlib.h>
| #endif
| #ifdef HAVE_STRING_H
| # include <string.h>
| #endif
| #ifdef HAVE_INTTYPES_H
| # include <inttypes.h>
| #endif
| #ifdef HAVE_STDINT_H
| # include <stdint.h>
| #endif
| #ifdef HAVE_STRINGS_H
| # include <strings.h>
| #endif
| #ifdef HAVE_SYS_TYPES_H
| # include <sys/types.h>
| #endif
| #ifdef HAVE_SYS_STAT_H
| # include <sys/stat.h>
| #endif
| #ifdef HAVE_UNISTD_H
| # include <unistd.h>
| #endif
| int
| main (void)
| {
| if (sizeof ((off_t)))
| 	    return 0;
|   ;
|   return 0;
| }
configure:5289: result: yes
configure:5299: checking for size_t
configure:5299: gcc -c -g -O2  conftest.c >&5
configure:5299: $? = 0
configure:5299: gcc -c -g -O2  conftest.c >&5
conftest.c: In function 'main':
conftest.c:53:21: error: expected expression before ')' token
   53 | if (sizeof ((size_t)))
      |                     ^
configure:5299: $? = 1
configure: failed program was:
| /* confdefs.h */
| #define PACKAGE_NAME "OpenPraparat"
| #define PACKAGE_TARNAME "openpraparat"
| #define PACKAGE_VERSION "0.1"
| #define PACKAGE_STRING "OpenPraparat 0.1"
| #define PACKAGE_BUGREPORT ""
| #define PACKAGE_URL ""
| #define HAVE_LIBPTHREAD 1
| #define HAVE_STDIO_H 1
| #define HAVE_STDLIB_H 1
| #define HAVE_STRING_H 1
| #define HAVE_INTTYPES_H 1
| #define HAVE_STDINT_H 1
| #define HAVE_STRINGS_H 1
| #define HAVE_SYS_STAT_H 1
| #define HAVE_SYS_TYPES_H 1
| #define HAVE_UNISTD_H 1
| #define STDC_HEADERS 1
| #define HAVE_STDINT_H 1
| #define HAVE__BOOL 1
| /* end confdefs.h.  */
| #include <stddef.h>
| #ifdef HAVE_STDIO_H
| # include <stdio.h>
| #endif
| #ifdef HAVE_STDLIB_H
| # include <stdlib.h>
| #endif
| #ifdef HAVE_STRING_H
| # include <string.h>
| #endif
| #ifdef HAVE_INTTYPES_H
| # include <inttypes.h>
| #endif
| #ifdef HAVE_STDINT_H
| # include <stdint.h>
| #endif
| #ifdef HAVE_STRINGS_H
| # include <strings.h>
| #endif
| #ifdef HAVE_SYS_TYPES_H
| # include <sys/types.h>
| #endif
| #ifdef HAVE_SYS_STAT_H
| # include <sys/stat.h>
| #endif
| #ifdef HAVE_UNISTD_H
| # include <unistd.h>
| #endif
| int
| main (void)
| {
| if (sizeof ((size_t)))
| 	    return 0;
|   ;
|   return 0;
| }
configure:5299: result: yes
configure:5309: checking for struct stat.st_blksize
configure:5309: gcc -c -g -O2  conftest.c >&5
configure:5309: $? = 0
configure:5309: result: yes
configure:5318: checking for struct stat.st_blocks
configure:5318: gcc -c -g -O2  conftest.c >&5
configure:5318: $? = 0
configure:5318: result: yes
configure:5337: checking for struct stat.st_rdev
configure:5337: gcc -c -g -O2  conftest.c >&5
configure:5337: $? = 0
configure:5337: result: yes
configure:5346: checking for uint16_t
configure:5346: gcc -c -g -O2  conftest.c >&5
configure:5346: $? = 0
configure:5346: result: yes
configure:5356: checking for uint32_t
configure:5356: gcc -c -g -O2  conftest.c >&5
configure:5356: $? = 0
configure:5356: result: yes
configure:5368: checking for uint64_t
configure:5368: gcc -c -g -O2  conftest.c >&5
configure:5368: $? = 0
configure:5368: result: yes
configure:5380: checking for uint8_t
configure:5380: gcc -c -g -O2  conftest.c >&5
configure:5380: $? = 0
configure:5380: result: yes
configure:5392: checking for ptrdiff_t
configure:5392: gcc -c -g -O2  conftest.c >&5
configure:5392: $? = 0
configure:5392: gcc -c -g -O2  conftest.c >&5
conftest.c: In function 'main':
conftest.c:57:24: error: expected expression before ')' token
   57 | if (sizeof ((ptrdiff_t)))
      |                        ^
configure:5392: $? = 1
configure: failed program was:
| /* confdefs.h */
| #define PACKAGE_NAME "OpenPraparat"
| #define PACKAGE_TARNAME "openpraparat"
| #define PACKAGE_VERSION "0.1"
| #define PACKAGE_STRING "OpenPraparat 0.1"
| #define PACKAGE_BUGREPORT ""
| #define PACKAGE_URL ""
| #define HAVE_LIBPTHREAD 1
| #define HAVE_STDIO_H 1
| #define HAVE_STDLIB_H 1
| #define HAVE_STRING_H 1
| #define HAVE_INTTYPES_H 1
| #define HAVE_STDINT_H 1
| #define HAVE_STRINGS_H 1
| #define HAVE_SYS_STAT_H 1
| #define HAVE_SYS_TYPES_H 1
| #define HAVE_UNISTD_H 1
| #define STDC_HEADERS 1
| #define HAVE_STDINT_H 1
| #define HAVE__BOOL 1
| #define HAVE_STRUCT_STAT_ST_BLKSIZE 1
| #define HAVE_STRUCT_STAT_ST_BLOCKS 1
| #define HAVE_ST_BLOCKS 1
| #define HAVE_STRUCT_STAT_ST_RDEV 1
| /* end confdefs.h.  */
| #include <stddef.h>
| #ifdef HAVE_STDIO_H
| # include <stdio.h>
| #endif
| #ifdef HAVE_STDLIB_H
| # include <stdlib.h>
| #endif
| #ifdef HAVE_STRING_H
| # include <string.h>
| #endif
| #ifdef HAVE_INTTYPES_H
| # include <inttypes.h>
| #endif
| #ifdef HAVE_STDINT_H
| # include <stdint.h>
| #endif
| #ifdef HAVE_STRINGS_H
| # include <strings.h>
| #endif
| #ifdef HAVE_SYS_TYPES_H
| # include <sys/types.h>
| #endif
| #ifdef HAVE_SYS_STAT_H
| # include <sys/stat.h>
| #endif
| #ifdef HAVE_UNISTD_H
| # include <unistd.h>
| #endif
| int
| main (void)
| {
| if (sizeof ((ptrdiff_t)))
| 	    return 0;
|   ;
|   return 0;
| }
configure:5392: result: yes
configure:5403: checking for error_at_line
configure:5420: gcc -o conftest -g -O2   conftest.c -lpthread  >&5
configure:5420: $? = 0
configure:5429: result: yes
configure:5440: checking for _LARGEFILE_SOURCE value needed for large files
configure:5460: gcc -o conftest -g -O2   conftest.c -lpthread  >&5
configure:5460: $? = 0
configure:5490: result: no
configure:5516: checking build system type
configure:5531: result: x86_64-pc-linux-gnu
configure:5551: checking host system type
configure:5565: result: x86_64-pc-linux-gnu
configure:5585: checking for GNU libc compatible malloc
configure:5617: gcc -o conftest -g -O2   conftest.c -lpthread  >&5
configure:5617: $? = 0
configure:5617: ./conftest
configure:5617: $? = 0
configure:5628: result: yes
configure:5650: checking for working strcoll
configure:5678: gcc -o conftest -g -O2   conftest.c -lpthread  >&5
configure:5678: $? = 0
configure:5678: ./conftest
configure:5678: $? = 0
configure:5689: result: yes
configure:5697: checking for atexit
configure:5697: gcc -o conftest -g -O2   conftest.c -lpthread  >&5
configure:5697: $? = 0
configure:5697: result: yes
configure:5703: checking for clock_gettime
configure:5703: gcc -o conftest -g -O2   conftest.c -lpthread  >&5
configure:5703: $? = 0
configure:5703: result: yes
configure:5709: checking for floor
configure:5709: gcc -o conftest -g -O2   conftest.c -lpthread  >&5
conftest.c:48:6: warning: conflicting types for built-in function 'floor'; expected 'double(double)' [-Wbuiltin-declaration-mismatch]
   48 | char floor ();
      |      ^~~~~
conftest.c:40:1: note: 'floor' is declared in header '<math.h>'
   39 | #include <limits.h>
   40 | #undef floor
/nix/store/lz1bwpdvlywij5ir0fmncgqa83dlpwhn-binutils-2.39/bin/ld: /tmp/cchTWlzJ.o: in function `main':
/home/nodokaha/OpenPraparat/conftest.c:59: undefined reference to `floor'
collect2: error: ld returned 1 exit status
configure:5709: $? = 1
configure: failed program was:
| /* confdefs.h */
| #define PACKAGE_NAME "OpenPraparat"
| #define PACKAGE_TARNAME "openpraparat"
| #define PACKAGE_VERSION "0.1"
| #define PACKAGE_STRING "OpenPraparat 0.1"
| #define PACKAGE_BUGREPORT ""
| #define PACKAGE_URL ""
| #define HAVE_LIBPTHREAD 1
| #define HAVE_STDIO_H 1
| #define HAVE_STDLIB_H 1
| #define HAVE_STRING_H 1
| #define HAVE_INTTYPES_H 1
| #define HAVE_STDINT_H 1
| #define HAVE_STRINGS_H 1
| #define HAVE_SYS_STAT_H 1
| #define HAVE_SYS_TYPES_H 1
| #define HAVE_UNISTD_H 1
| #define STDC_HEADERS 1
| #define HAVE_STDINT_H 1
| #define HAVE__BOOL 1
| #define HAVE_STRUCT_STAT_ST_BLKSIZE 1
| #define HAVE_STRUCT_STAT_ST_BLOCKS 1
| #define HAVE_ST_BLOCKS 1
| #define HAVE_STRUCT_STAT_ST_RDEV 1
| #define HAVE_PTRDIFF_T 1
| #define HAVE_FSEEKO 1
| #define HAVE_MALLOC 1
| #define HAVE_STRCOLL 1
| #define HAVE_ATEXIT 1
| #define HAVE_CLOCK_GETTIME 1
| /* end confdefs.h.  */
| /* Define floor to an innocuous variant, in case <limits.h> declares floor.
|    For example, HP-UX 11i <limits.h> declares gettimeofday.  */
| #define floor innocuous_floor
| 
| /* System header to define __stub macros and hopefully few prototypes,
|    which can conflict with char floor (); below.  */
| 
| #include <limits.h>
| #undef floor
| 
| /* Override any GCC internal prototype to avoid an error.
|    Use char because int might match the return type of a GCC
|    builtin and then its argument prototype would still apply.  */
| #ifdef __cplusplus
| extern "C"
| #endif
| char floor ();
| /* The GNU C library defines this for functions which it implements
|     to always fail with ENOSYS.  Some functions are actually named
|     something starting with __ and the normal name is an alias.  */
| #if defined __stub_floor || defined __stub___floor
| choke me
| #endif
| 
| int
| main (void)
| {
| return floor ();
|   ;
|   return 0;
| }
configure:5709: result: no
configure:5715: checking for localeconv
configure:5715: gcc -o conftest -g -O2   conftest.c -lpthread  >&5
configure:5715: $? = 0
configure:5715: result: yes
configure:5721: checking for memchr
configure:5721: gcc -o conftest -g -O2   conftest.c -lpthread  >&5
conftest.c:49:6: warning: conflicting types for built-in function 'memchr'; expected 'void *(const void *, int,  long unsigned int)' [-Wbuiltin-declaration-mismatch]
   49 | char memchr ();
      |      ^~~~~~
conftest.c:41:1: note: 'memchr' is declared in header '<string.h>'
   40 | #include <limits.h>
   41 | #undef memchr
configure:5721: $? = 0
configure:5721: result: yes
configure:5727: checking for memmove
configure:5727: gcc -o conftest -g -O2   conftest.c -lpthread  >&5
conftest.c:50:6: warning: conflicting types for built-in function 'memmove'; expected 'void *(void *, const void *, long unsigned int)' [-Wbuiltin-declaration-mismatch]
   50 | char memmove ();
      |      ^~~~~~~
conftest.c:42:1: note: 'memmove' is declared in header '<string.h>'
   41 | #include <limits.h>
   42 | #undef memmove
configure:5727: $? = 0
configure:5727: result: yes
configure:5733: checking for memset
configure:5733: gcc -o conftest -g -O2   conftest.c -lpthread  >&5
conftest.c:51:6: warning: conflicting types for built-in function 'memset'; expected 'void *(void *, int,  long unsigned int)' [-Wbuiltin-declaration-mismatch]
   51 | char memset ();
      |      ^~~~~~
conftest.c:43:1: note: 'memset' is declared in header '<string.h>'
   42 | #include <limits.h>
   43 | #undef memset
configure:5733: $? = 0
configure:5733: result: yes
configure:5739: checking for pow
configure:5739: gcc -o conftest -g -O2   conftest.c -lpthread  >&5
conftest.c:52:6: warning: conflicting types for built-in function 'pow'; expected 'double(double,  double)' [-Wbuiltin-declaration-mismatch]
   52 | char pow ();
      |      ^~~
conftest.c:44:1: note: 'pow' is declared in header '<math.h>'
   43 | #include <limits.h>
   44 | #undef pow
/nix/store/lz1bwpdvlywij5ir0fmncgqa83dlpwhn-binutils-2.39/bin/ld: /tmp/ccZQ3nnn.o: in function `main':
/home/nodokaha/OpenPraparat/conftest.c:63: undefined reference to `pow'
collect2: error: ld returned 1 exit status
configure:5739: $? = 1
configure: failed program was:
| /* confdefs.h */
| #define PACKAGE_NAME "OpenPraparat"
| #define PACKAGE_TARNAME "openpraparat"
| #define PACKAGE_VERSION "0.1"
| #define PACKAGE_STRING "OpenPraparat 0.1"
| #define PACKAGE_BUGREPORT ""
| #define PACKAGE_URL ""
| #define HAVE_LIBPTHREAD 1
| #define HAVE_STDIO_H 1
| #define HAVE_STDLIB_H 1
| #define HAVE_STRING_H 1
| #define HAVE_INTTYPES_H 1
| #define HAVE_STDINT_H 1
| #define HAVE_STRINGS_H 1
| #define HAVE_SYS_STAT_H 1
| #define HAVE_SYS_TYPES_H 1
| #define HAVE_UNISTD_H 1
| #define STDC_HEADERS 1
| #define HAVE_STDINT_H 1
| #define HAVE__BOOL 1
| #define HAVE_STRUCT_STAT_ST_BLKSIZE 1
| #define HAVE_STRUCT_STAT_ST_BLOCKS 1
| #define HAVE_ST_BLOCKS 1
| #define HAVE_STRUCT_STAT_ST_RDEV 1
| #define HAVE_PTRDIFF_T 1
| #define HAVE_FSEEKO 1
| #define HAVE_MALLOC 1
| #define HAVE_STRCOLL 1
| #define HAVE_ATEXIT 1
| #define HAVE_CLOCK_GETTIME 1
| #define HAVE_LOCALECONV 1
| #define HAVE_MEMCHR 1
| #define HAVE_MEMMOVE 1
| #define HAVE_MEMSET 1
| /* end confdefs.h.  */
| /* Define pow to an innocuous variant, in case <limits.h> declares pow.
|    For example, HP-UX 11i <limits.h> declares gettimeofday.  */
| #define pow innocuous_pow
| 
| /* System header to define __stub macros and hopefully few prototypes,
|    which can conflict with char pow (); below.  */
| 
| #include <limits.h>
| #undef pow
| 
| /* Override any GCC internal prototype to avoid an error.
|    Use char because int might match the return type of a GCC
|    builtin and then its argument prototype would still apply.  */
| #ifdef __cplusplus
| extern "C"
| #endif
| char pow ();
| /* The GNU C library defines this for functions which it implements
|     to always fail with ENOSYS.  Some functions are actually named
|     something starting with __ and the normal name is an alias.  */
| #if defined __stub_pow || defined __stub___pow
| choke me
| #endif
| 
| int
| main (void)
| {
| return pow ();
|   ;
|   return 0;
| }
configure:5739: result: no
configure:5745: checking for realpath
configure:5745: gcc -o conftest -g -O2   conftest.c -lpthread  >&5
configure:5745: $? = 0
configure:5745: result: yes
configure:5751: checking for setlocale
configure:5751: gcc -o conftest -g -O2   conftest.c -lpthread  >&5
configure:5751: $? = 0
configure:5751: result: yes
configure:5757: checking for sqrt
configure:5757: gcc -o conftest -g -O2   conftest.c -lpthread  >&5
conftest.c:54:6: warning: conflicting types for built-in function 'sqrt'; expected 'double(double)' [-Wbuiltin-declaration-mismatch]
   54 | char sqrt ();
      |      ^~~~
conftest.c:46:1: note: 'sqrt' is declared in header '<math.h>'
   45 | #include <limits.h>
   46 | #undef sqrt
/nix/store/lz1bwpdvlywij5ir0fmncgqa83dlpwhn-binutils-2.39/bin/ld: /tmp/ccKGUPeh.o: in function `main':
/home/nodokaha/OpenPraparat/conftest.c:65: undefined reference to `sqrt'
collect2: error: ld returned 1 exit status
configure:5757: $? = 1
configure: failed program was:
| /* confdefs.h */
| #define PACKAGE_NAME "OpenPraparat"
| #define PACKAGE_TARNAME "openpraparat"
| #define PACKAGE_VERSION "0.1"
| #define PACKAGE_STRING "OpenPraparat 0.1"
| #define PACKAGE_BUGREPORT ""
| #define PACKAGE_URL ""
| #define HAVE_LIBPTHREAD 1
| #define HAVE_STDIO_H 1
| #define HAVE_STDLIB_H 1
| #define HAVE_STRING_H 1
| #define HAVE_INTTYPES_H 1
| #define HAVE_STDINT_H 1
| #define HAVE_STRINGS_H 1
| #define HAVE_SYS_STAT_H 1
| #define HAVE_SYS_TYPES_H 1
| #define HAVE_UNISTD_H 1
| #define STDC_HEADERS 1
| #define HAVE_STDINT_H 1
| #define HAVE__BOOL 1
| #define HAVE_STRUCT_STAT_ST_BLKSIZE 1
| #define HAVE_STRUCT_STAT_ST_BLOCKS 1
| #define HAVE_ST_BLOCKS 1
| #define HAVE_STRUCT_STAT_ST_RDEV 1
| #define HAVE_PTRDIFF_T 1
| #define HAVE_FSEEKO 1
| #define HAVE_MALLOC 1
| #define HAVE_STRCOLL 1
| #define HAVE_ATEXIT 1
| #define HAVE_CLOCK_GETTIME 1
| #define HAVE_LOCALECONV 1
| #define HAVE_MEMCHR 1
| #define HAVE_MEMMOVE 1
| #define HAVE_MEMSET 1
| #define HAVE_REALPATH 1
| #define HAVE_SETLOCALE 1
| /* end confdefs.h.  */
| /* Define sqrt to an innocuous variant, in case <limits.h> declares sqrt.
|    For example, HP-UX 11i <limits.h> declares gettimeofday.  */
| #define sqrt innocuous_sqrt
| 
| /* System header to define __stub macros and hopefully few prototypes,
|    which can conflict with char sqrt (); below.  */
| 
| #include <limits.h>
| #undef sqrt
| 
| /* Override any GCC internal prototype to avoid an error.
|    Use char because int might match the return type of a GCC
|    builtin and then its argument prototype would still apply.  */
| #ifdef __cplusplus
| extern "C"
| #endif
| char sqrt ();
| /* The GNU C library defines this for functions which it implements
|     to always fail with ENOSYS.  Some functions are actually named
|     something starting with __ and the normal name is an alias.  */
| #if defined __stub_sqrt || defined __stub___sqrt
| choke me
| #endif
| 
| int
| main (void)
| {
| return sqrt ();
|   ;
|   return 0;
| }
configure:5757: result: no
configure:5763: checking for strchr
configure:5763: gcc -o conftest -g -O2   conftest.c -lpthread  >&5
conftest.c:54:6: warning: conflicting types for built-in function 'strchr'; expected 'char *(const char *, int)' [-Wbuiltin-declaration-mismatch]
   54 | char strchr ();
      |      ^~~~~~
conftest.c:46:1: note: 'strchr' is declared in header '<string.h>'
   45 | #include <limits.h>
   46 | #undef strchr
configure:5763: $? = 0
configure:5763: result: yes
configure:5769: checking for strstr
configure:5769: gcc -o conftest -g -O2   conftest.c -lpthread  >&5
conftest.c:55:6: warning: conflicting types for built-in function 'strstr'; expected 'char *(const char *, const char *)' [-Wbuiltin-declaration-mismatch]
   55 | char strstr ();
      |      ^~~~~~
conftest.c:47:1: note: 'strstr' is declared in header '<string.h>'
   46 | #include <limits.h>
   47 | #undef strstr
configure:5769: $? = 0
configure:5769: result: yes
configure:5885: creating ./config.status

## ---------------------- ##
## Running config.status. ##
## ---------------------- ##

This file was extended by OpenPraparat config.status 0.1, which was
generated by GNU Autoconf 2.71.  Invocation command line was

  CONFIG_FILES    = 
  CONFIG_HEADERS  = 
  CONFIG_LINKS    = 
  CONFIG_COMMANDS = 
  $ ./config.status 

on nodokaha-nixos

config.status:823: creating src/Makefile
config.status:823: creating config.h
config.status:993: config.h is unchanged

## ---------------- ##
## Cache variables. ##
## ---------------- ##

ac_cv_build=x86_64-pc-linux-gnu
ac_cv_c_compiler_gnu=yes
ac_cv_c_inline=inline
ac_cv_c_int32_t=yes
ac_cv_c_int64_t=yes
ac_cv_c_uint16_t=yes
ac_cv_c_uint32_t=yes
ac_cv_c_uint64_t=yes
ac_cv_c_uint8_t=yes
ac_cv_cxx_compiler_gnu=yes
ac_cv_env_CCC_set=
ac_cv_env_CCC_value=
ac_cv_env_CC_set=
ac_cv_env_CC_value=
ac_cv_env_CFLAGS_set=
ac_cv_env_CFLAGS_value=
ac_cv_env_CPPFLAGS_set=
ac_cv_env_CPPFLAGS_value=
ac_cv_env_CPP_set=
ac_cv_env_CPP_value=
ac_cv_env_CXXFLAGS_set=
ac_cv_env_CXXFLAGS_value=
ac_cv_env_CXX_set=
ac_cv_env_CXX_value=
ac_cv_env_LDFLAGS_set=
ac_cv_env_LDFLAGS_value=
ac_cv_env_LIBS_set=
ac_cv_env_LIBS_value=
ac_cv_env_build_alias_set=
ac_cv_env_build_alias_value=
ac_cv_env_host_alias_set=
ac_cv_env_host_alias_value=
ac_cv_env_target_alias_set=
ac_cv_env_target_alias_value=
ac_cv_func_atexit=yes
ac_cv_func_clock_gettime=yes
ac_cv_func_floor=no
ac_cv_func_localeconv=yes
ac_cv_func_malloc_0_nonnull=yes
ac_cv_func_memchr=yes
ac_cv_func_memmove=yes
ac_cv_func_memset=yes
ac_cv_func_pow=no
ac_cv_func_realpath=yes
ac_cv_func_setlocale=yes
ac_cv_func_sqrt=no
ac_cv_func_strchr=yes
ac_cv_func_strcoll_works=yes
ac_cv_func_strstr=yes
ac_cv_header_inttypes_h=yes
ac_cv_header_stdbool_h=yes
ac_cv_header_stdint_h=yes
ac_cv_header_stdio_h=yes
ac_cv_header_stdlib_h=yes
ac_cv_header_string_h=yes
ac_cv_header_strings_h=yes
ac_cv_header_sys_stat_h=yes
ac_cv_header_sys_types_h=yes
ac_cv_header_unistd_h=yes
ac_cv_host=x86_64-pc-linux-gnu
ac_cv_lib_GLU_main=no
ac_cv_lib_GL_main=no
ac_cv_lib_error_at_line=yes
ac_cv_lib_gdi32_main=no
ac_cv_lib_gfortran_main=no
ac_cv_lib_glfw3_main=no
ac_cv_lib_glfw_main=no
ac_cv_lib_imm32_main=no
ac_cv_lib_opengl32_main=no
ac_cv_lib_pthread_main=yes
ac_cv_member_struct_stat_st_blksize=yes
ac_cv_member_struct_stat_st_blocks=yes
ac_cv_member_struct_stat_st_rdev=yes
ac_cv_objext=o
ac_cv_path_EGREP='/run/current-system/sw/bin/grep -E'
ac_cv_path_GREP=/run/current-system/sw/bin/grep
ac_cv_prog_CPP='gcc -E'
ac_cv_prog_ac_ct_CC=gcc
ac_cv_prog_ac_ct_CXX=g++
ac_cv_prog_cc_c11=
ac_cv_prog_cc_g=yes
ac_cv_prog_cc_stdc=
ac_cv_prog_cxx_11=no
ac_cv_prog_cxx_cxx11=
ac_cv_prog_cxx_g=yes
ac_cv_prog_cxx_stdcxx=
ac_cv_sys_largefile_source=no
ac_cv_type__Bool=yes
ac_cv_type_mode_t=yes
ac_cv_type_off_t=yes
ac_cv_type_ptrdiff_t=yes
ac_cv_type_size_t=yes
ac_cv_type_uid_t=yes

## ----------------- ##
## Output variables. ##
## ----------------- ##

CC='gcc'
CFLAGS='-g -O2'
CPP='gcc -E'
CPPFLAGS=''
CXX='g++'
CXXFLAGS='-g -O2'
DEFS='-DHAVE_CONFIG_H'
ECHO_C=''
ECHO_N='-n'
ECHO_T=''
EGREP='/run/current-system/sw/bin/grep -E'
EXEEXT=''
GREP='/run/current-system/sw/bin/grep'
LDFLAGS=''
LIBOBJS=''
LIBS='-lpthread '
LTLIBOBJS=''
OBJEXT='o'
PACKAGE_BUGREPORT=''
PACKAGE_NAME='OpenPraparat'
PACKAGE_STRING='OpenPraparat 0.1'
PACKAGE_TARNAME='openpraparat'
PACKAGE_URL=''
PACKAGE_VERSION='0.1'
PATH_SEPARATOR=':'
SHELL='/bin/sh'
ac_ct_CC='gcc'
ac_ct_CXX='g++'
bindir='${exec_prefix}/bin'
build='x86_64-pc-linux-gnu'
build_alias=''
build_cpu='x86_64'
build_os='linux-gnu'
build_vendor='pc'
datadir='${datarootdir}'
datarootdir='${prefix}/share'
docdir='${datarootdir}/doc/${PACKAGE_TARNAME}'
dvidir='${docdir}'
exec_prefix='${prefix}'
host='x86_64-pc-linux-gnu'
host_alias=''
host_cpu='x86_64'
host_os='linux-gnu'
host_vendor='pc'
htmldir='${docdir}'
includedir='${prefix}/include'
infodir='${datarootdir}/info'
libdir='${exec_prefix}/lib'
libexecdir='${exec_prefix}/libexec'
localedir='${datarootdir}/locale'
localstatedir='${prefix}/var'
mandir='${datarootdir}/man'
oldincludedir='/usr/include'
pdfdir='${docdir}'
prefix='/usr/local'
program_transform_name='s,x,x,'
psdir='${docdir}'
runstatedir='${localstatedir}/run'
sbindir='${exec_prefix}/sbin'
sharedstatedir='${prefix}/com'
sysconfdir='${prefix}/etc'
target_alias=''

## ----------- ##
## confdefs.h. ##
## ----------- ##

/* confdefs.h */
#define PACKAGE_NAME "OpenPraparat"
#define PACKAGE_TARNAME "openpraparat"
#define PACKAGE_VERSION "0.1"
#define PACKAGE_STRING "OpenPraparat 0.1"
#define PACKAGE_BUGREPORT ""
#define PACKAGE_URL ""
#define HAVE_LIBPTHREAD 1
#define HAVE_STDIO_H 1
#define HAVE_STDLIB_H 1
#define HAVE_STRING_H 1
#define HAVE_INTTYPES_H 1
#define HAVE_STDINT_H 1
#define HAVE_STRINGS_H 1
#define HAVE_SYS_STAT_H 1
#define HAVE_SYS_TYPES_H 1
#define HAVE_UNISTD_H 1
#define STDC_HEADERS 1
#define HAVE_STDINT_H 1
#define HAVE__BOOL 1
#define HAVE_STRUCT_STAT_ST_BLKSIZE 1
#define HAVE_STRUCT_STAT_ST_BLOCKS 1
#define HAVE_ST_BLOCKS 1
#define HAVE_STRUCT_STAT_ST_RDEV 1
#define HAVE_PTRDIFF_T 1
#define HAVE_FSEEKO 1
#define HAVE_MALLOC 1
#define HAVE_STRCOLL 1
#define HAVE_ATEXIT 1
#define HAVE_CLOCK_GETTIME 1
#define HAVE_LOCALECONV 1
#define HAVE_MEMCHR 1
#define HAVE_MEMMOVE 1
#define HAVE_MEMSET 1
#define HAVE_REALPATH 1
#define HAVE_SETLOCALE 1
#define HAVE_STRCHR 1
#define HAVE_STRSTR 1

configure: exit 0
